[2020-03-17 18:25:51][mDBgMpbhhvuWxz9pTnyvsESitAxFFwQb] Processing: App\Jobs\UserActivationSmsJob
[2020-03-17 18:25:52][1BCaUdH5PBpLmP2ozoiC0aoH7iQxpKPb] Processing: App\Jobs\UserActivationSmsJob
[2020-03-17 18:25:52][pWyZrsJrEfo890dUpH8mnOVCwm5yoREV] Processing: App\Jobs\UserActivationSmsJob
[2020-03-17 18:25:52][pDJmwMWHa7dOebmafD9WdkpWW75j0sGR] Processing: App\Jobs\UserActivationSmsJob
[2020-03-17 18:25:52][MYGms3Y6HkJ3QIlhyyGXX0uyF78WIqfw] Processing: App\Jobs\UserActivationSmsJob
[2020-03-17 18:26:00][dn7noPw07yxgSEy9Hq6MOfuJFI933GQv] Processing: App\Jobs\UserActivationSmsJob
[2020-03-17 18:26:00][F9e1dNgXRZ1Su1ILf1SFJdkaFTGSUPgv] Processing: App\Jobs\UserActivationSmsJob
[2020-03-17 18:26:00][wMmJZyGHbsftz34zSgdrcqBz2907whSz] Processing: App\Jobs\UserActivationSmsJob
[2020-03-17 18:26:00][3P4mZDutZZyNl635j2RyZi7yc6E9XFRV] Processing: App\Jobs\UserActivationSmsJob
[2020-03-17 18:26:00][T7D5cQnEPJfXX8Gmq4HtJTCipNdJvGRz] Processing: App\Jobs\UserActivationSmsJob
[2020-03-17 18:26:07][CWULAk37XKKgECh29ZUxKBhiCrFXeBUq] Processing: App\Jobs\UserActivationSmsJob
[2020-03-17 18:26:08][1ECrcVdupF5IS2ed1BiUJQZWbLS90BLY] Processing: App\Jobs\UserActivationSmsJob
[2020-03-17 18:26:08][qoIHwxsFsNjKPv3IR1ljycw6uIlgvsZl] Processing: App\Jobs\UserActivationSmsJob
[2020-03-17 18:26:08][D3iZubnznWwCMTC6N5qRHBbyRZZeAPcq] Processing: App\Jobs\UserActivationSmsJob
[2020-03-17 18:26:08][mjz6PyRLdBAEiCtwEhonxQvbAXrd6Nc9] Processing: App\Jobs\UserActivationSmsJob
[2020-03-17 18:26:15][Jujp1ajYlGt58WOyfKNcO1WhGLhLdvjq] Processing: App\Jobs\UserActivationSmsJob
[2020-03-17 18:26:15][pa0M5O8EMABVUG0UuB8qdTDQhTeYZP9R] Processing: App\Jobs\UserActivationSmsJob
[2020-03-17 18:26:15][psHVOE5SZd8zehtSI11CcGEAou68OfsO] Processing: App\Jobs\UserActivationSmsJob
[2020-03-17 18:26:15][PFp8Mst8MpuyMQqadMQAgM7lmESCQHzS] Processing: App\Jobs\UserActivationSmsJob
[2020-03-17 18:26:17][TaFalBaI26kPhwhTDTJniCROndlwXOJm] Processing: App\Jobs\UserActivationSmsJob
[2020-03-17 18:26:23][ME853zlj02iw8wc1tXAE3NnHR73oY9NI] Processing: App\Jobs\UserActivationSmsJob
[2020-03-17 18:26:23][COoUG47Kj4hHxNrd5JtO4kWcbhtq44Hn] Processing: App\Jobs\UserActivationSmsJob
[2020-03-17 18:26:23][IpmlhkV8zOp3FObAWAy0kFZ02wEAJWf3] Processing: App\Jobs\UserActivationSmsJob
[2020-03-17 18:26:23][EEtRkbtHAnpd1a6as0QAXlvjxnQeULQc] Processing: App\Jobs\UserActivationSmsJob
[2020-03-17 18:26:24][f0hlUu9Qyeo2ucr9VCWXoPuyrmxHFer2] Processing: App\Jobs\UserActivationSmsJob
[2020-03-17 18:26:31][qpgaA7WthUkEUb8khavGS4dahu5aeuZx] Processing: App\Jobs\UserActivationSmsJob
[2020-03-17 18:26:31][gKqBPQyk0nCIFNm7yd20JM7L0TtPq4Fb] Processing: App\Jobs\UserActivationSmsJob
[2020-03-17 18:26:31][J6bkD9mnW4DzwSNsH20FmKECad7tp7R0] Processing: App\Jobs\UserActivationSmsJob
[2020-03-17 18:26:31][R3oNot4lIqzg2u3wMSCGMJjGH6moIhq3] Processing: App\Jobs\UserActivationSmsJob
[2020-03-17 18:26:32][Ulhru7QoWV10U7wh8GSF9HfJkW8nyKuQ] Processing: App\Jobs\UserActivationSmsJob
[2020-03-17 18:26:39][lyHXMSyLKa3KMPtS4RE5z5x8kSGhWs9f] Processing: App\Jobs\UserActivationSmsJob
[2020-03-17 18:26:39][DitVVQbKUszXSgcyQCNdXiWF4RVX3Io7] Processing: App\Jobs\UserActivationSmsJob
[2020-03-17 18:26:39][Bg2dCGzUHntNqxlugYirRPYVxljAhsah] Processing: App\Jobs\UserActivationSmsJob
[2020-03-17 18:26:39][2EuozhKorvl3D9n15zu6Vy3PaIzuttqH] Processing: App\Jobs\UserActivationSmsJob
[2020-03-17 18:26:40][Smnj7V3oLp6EMlHepXn4d0y5a6S6FY4I] Processing: App\Jobs\UserActivationSmsJob
[2020-03-17 18:26:46][RTumeQIF2BqnGOgbNTnfkg87xq4DzYQd] Processing: App\Jobs\UserActivationSmsJob
[2020-03-17 18:26:46][lX06MeF3jbz9ZyGCpAuOgl8UFCINyhhm] Processing: App\Jobs\UserActivationSmsJob
[2020-03-17 18:26:46][VP36qXG3PzYmFr1WuuM5TUnIjgr5HyXE] Processing: App\Jobs\UserActivationSmsJob
[2020-03-17 18:26:46][WLs4yhDvpBa91x6C1Q4BE2mBAMjetheu] Processing: App\Jobs\UserActivationSmsJob
[2020-03-17 18:26:48][gVCV8tD4WBi3nGRNcfRTRJzcoLSTD2Nh] Processing: App\Jobs\UserActivationSmsJob
[2020-03-17 18:26:54][i36bYQYW1KjrZ3pYiikEAEvuj1VGy3s5] Processing: App\Jobs\UserActivationSmsJob
[2020-03-17 18:26:54][8mSn30QwFJjgl39X7N7USKAeLjdo1A37] Processing: App\Jobs\UserActivationSmsJob
[2020-03-17 18:26:54][VnLPSCcVHmSqBSeYTBknzSiM8u2L4QSb] Processing: App\Jobs\UserActivationSmsJob
[2020-03-17 18:26:54][EDJMuh6WNAzZma9E9E6wMXz3mnNtE8VP] Processing: App\Jobs\UserActivationSmsJob
[2020-03-17 18:26:55][yAeZiRrhC5W53FJpHjZ2J1Qwv13tt4qV] Processing: App\Jobs\UserActivationSmsJob
[2020-03-17 18:27:02][wl0qx0D6r1NKJba6SLdpGTRDWDOiiAnP] Processing: App\Jobs\UserActivationSmsJob
[2020-03-17 18:27:02][1BCaUdH5PBpLmP2ozoiC0aoH7iQxpKPb] Processing: App\Jobs\UserActivationSmsJob
[2020-03-17 18:27:02][MYGms3Y6HkJ3QIlhyyGXX0uyF78WIqfw] Processing: App\Jobs\UserActivationSmsJob
[2020-03-17 18:27:02][mDBgMpbhhvuWxz9pTnyvsESitAxFFwQb] Processing: App\Jobs\UserActivationSmsJob
[2020-03-17 18:27:03][pDJmwMWHa7dOebmafD9WdkpWW75j0sGR] Processing: App\Jobs\UserActivationSmsJob
[2020-03-17 18:27:10][pWyZrsJrEfo890dUpH8mnOVCwm5yoREV] Processing: App\Jobs\UserActivationSmsJob
[2020-03-17 18:27:10][3P4mZDutZZyNl635j2RyZi7yc6E9XFRV] Processing: App\Jobs\UserActivationSmsJob
[2020-03-17 18:27:10][F9e1dNgXRZ1Su1ILf1SFJdkaFTGSUPgv] Processing: App\Jobs\UserActivationSmsJob
[2020-03-17 18:27:10][T7D5cQnEPJfXX8Gmq4HtJTCipNdJvGRz] Processing: App\Jobs\UserActivationSmsJob
[2020-03-17 18:27:11][dn7noPw07yxgSEy9Hq6MOfuJFI933GQv] Processing: App\Jobs\UserActivationSmsJob
[2020-03-17 18:27:17][wMmJZyGHbsftz34zSgdrcqBz2907whSz] Processing: App\Jobs\UserActivationSmsJob
[2020-03-17 18:27:17][1ECrcVdupF5IS2ed1BiUJQZWbLS90BLY] Processing: App\Jobs\UserActivationSmsJob
[2020-03-17 18:27:18][D3iZubnznWwCMTC6N5qRHBbyRZZeAPcq] Processing: App\Jobs\UserActivationSmsJob
[2020-03-17 18:27:18][mjz6PyRLdBAEiCtwEhonxQvbAXrd6Nc9] Processing: App\Jobs\UserActivationSmsJob
[2020-03-17 18:27:18][qoIHwxsFsNjKPv3IR1ljycw6uIlgvsZl] Processing: App\Jobs\UserActivationSmsJob
[2020-03-17 18:27:25][CWULAk37XKKgECh29ZUxKBhiCrFXeBUq] Processing: App\Jobs\UserActivationSmsJob
[2020-03-17 18:27:25][Jujp1ajYlGt58WOyfKNcO1WhGLhLdvjq] Processing: App\Jobs\UserActivationSmsJob
[2020-03-17 18:27:25][PFp8Mst8MpuyMQqadMQAgM7lmESCQHzS] Processing: App\Jobs\UserActivationSmsJob
[2020-03-17 18:27:25][pa0M5O8EMABVUG0UuB8qdTDQhTeYZP9R] Processing: App\Jobs\UserActivationSmsJob
[2020-03-17 18:27:26][psHVOE5SZd8zehtSI11CcGEAou68OfsO] Processing: App\Jobs\UserActivationSmsJob
[2020-03-17 18:27:33][TaFalBaI26kPhwhTDTJniCROndlwXOJm] Processing: App\Jobs\UserActivationSmsJob
[2020-03-17 18:27:33][COoUG47Kj4hHxNrd5JtO4kWcbhtq44Hn] Processing: App\Jobs\UserActivationSmsJob
[2020-03-17 18:27:33][EEtRkbtHAnpd1a6as0QAXlvjxnQeULQc] Processing: App\Jobs\UserActivationSmsJob
[2020-03-17 18:27:33][IpmlhkV8zOp3FObAWAy0kFZ02wEAJWf3] Processing: App\Jobs\UserActivationSmsJob
[2020-03-17 18:27:34][ME853zlj02iw8wc1tXAE3NnHR73oY9NI] Processing: App\Jobs\UserActivationSmsJob
[2020-03-17 18:27:41][f0hlUu9Qyeo2ucr9VCWXoPuyrmxHFer2] Processing: App\Jobs\UserActivationSmsJob
[2020-03-17 18:27:41][J6bkD9mnW4DzwSNsH20FmKECad7tp7R0] Processing: App\Jobs\UserActivationSmsJob
[2020-03-17 18:27:41][gKqBPQyk0nCIFNm7yd20JM7L0TtPq4Fb] Processing: App\Jobs\UserActivationSmsJob
[2020-03-17 18:27:41][qpgaA7WthUkEUb8khavGS4dahu5aeuZx] Processing: App\Jobs\UserActivationSmsJob
[2020-03-17 18:27:42][R3oNot4lIqzg2u3wMSCGMJjGH6moIhq3] Processing: App\Jobs\UserActivationSmsJob
[2020-03-17 18:27:49][Ulhru7QoWV10U7wh8GSF9HfJkW8nyKuQ] Processing: App\Jobs\UserActivationSmsJob
[2020-03-17 18:27:49][2EuozhKorvl3D9n15zu6Vy3PaIzuttqH] Processing: App\Jobs\UserActivationSmsJob
[2020-03-17 18:27:49][Bg2dCGzUHntNqxlugYirRPYVxljAhsah] Processing: App\Jobs\UserActivationSmsJob
[2020-03-17 18:27:49][DitVVQbKUszXSgcyQCNdXiWF4RVX3Io7] Processing: App\Jobs\UserActivationSmsJob
[2020-03-17 18:27:51][lyHXMSyLKa3KMPtS4RE5z5x8kSGhWs9f] Processing: App\Jobs\UserActivationSmsJob
[2020-03-17 18:27:56][Smnj7V3oLp6EMlHepXn4d0y5a6S6FY4I] Processing: App\Jobs\UserActivationSmsJob
[2020-03-17 18:27:56][RTumeQIF2BqnGOgbNTnfkg87xq4DzYQd] Processing: App\Jobs\UserActivationSmsJob
[2020-03-17 18:27:56][VP36qXG3PzYmFr1WuuM5TUnIjgr5HyXE] Processing: App\Jobs\UserActivationSmsJob
[2020-03-17 18:27:56][WLs4yhDvpBa91x6C1Q4BE2mBAMjetheu] Processing: App\Jobs\UserActivationSmsJob
[2020-03-17 18:27:59][lX06MeF3jbz9ZyGCpAuOgl8UFCINyhhm] Processing: App\Jobs\UserActivationSmsJob
[2020-03-17 18:28:04][gVCV8tD4WBi3nGRNcfRTRJzcoLSTD2Nh] Processing: App\Jobs\UserActivationSmsJob
[2020-03-17 18:28:04][8mSn30QwFJjgl39X7N7USKAeLjdo1A37] Processing: App\Jobs\UserActivationSmsJob
[2020-03-17 18:28:04][EDJMuh6WNAzZma9E9E6wMXz3mnNtE8VP] Processing: App\Jobs\UserActivationSmsJob
[2020-03-17 18:28:04][VnLPSCcVHmSqBSeYTBknzSiM8u2L4QSb] Processing: App\Jobs\UserActivationSmsJob
[2020-03-17 18:28:06][i36bYQYW1KjrZ3pYiikEAEvuj1VGy3s5] Processing: App\Jobs\UserActivationSmsJob
[2020-03-17 18:28:12][yAeZiRrhC5W53FJpHjZ2J1Qwv13tt4qV] Processing: App\Jobs\UserActivationSmsJob
[2020-03-17 18:28:12][1BCaUdH5PBpLmP2ozoiC0aoH7iQxpKPb] Processing: App\Jobs\UserActivationSmsJob
[2020-03-17 18:28:12][MYGms3Y6HkJ3QIlhyyGXX0uyF78WIqfw] Processing: App\Jobs\UserActivationSmsJob
[2020-03-17 18:28:12][mDBgMpbhhvuWxz9pTnyvsESitAxFFwQb] Processing: App\Jobs\UserActivationSmsJob
[2020-03-17 18:28:14][gKqBPQyk0nCIFNm7yd20JM7L0TtPq4Fb] Processing: App\Jobs\UserActivationSmsJob
[2020-03-17 18:28:19][mDBgMpbhhvuWxz9pTnyvsESitAxFFwQb] Failed:     App\Jobs\UserActivationSmsJob
[2020-03-17 18:28:19][1BCaUdH5PBpLmP2ozoiC0aoH7iQxpKPb] Failed:     App\Jobs\UserActivationSmsJob
[2020-03-17 18:28:19][MYGms3Y6HkJ3QIlhyyGXX0uyF78WIqfw] Failed:     App\Jobs\UserActivationSmsJob
[2020-03-17 18:28:20][yAeZiRrhC5W53FJpHjZ2J1Qwv13tt4qV] Processing: App\Jobs\UserActivationSmsJob
[2020-03-17 18:28:22][gKqBPQyk0nCIFNm7yd20JM7L0TtPq4Fb] Failed:     App\Jobs\UserActivationSmsJob
[2020-03-17 18:28:27][yAeZiRrhC5W53FJpHjZ2J1Qwv13tt4qV] Failed:     App\Jobs\UserActivationSmsJob
[2020-03-17 18:32:01][jNLWQJhjx1rtaAR20unANZlBlwoJx68V] Processing: App\Jobs\UserActivationProcessFirstStepSMSJob
[2020-03-17 18:32:01][6nDQJ4hheO9BwkeeF6Nmu2veS3vbykJ1] Processing: App\Jobs\UserActivationProcessFirstStepInactiveJob
[2020-03-17 18:32:01][6nDQJ4hheO9BwkeeF6Nmu2veS3vbykJ1] Processed:  App\Jobs\UserActivationProcessFirstStepInactiveJob
[2020-03-17 18:32:01][2wXqkHNt6WEzCm3ux1ChE8uo9tihiawt] Processing: App\Jobs\UserActivationProcessFirstStepDieJob
[2020-03-17 18:32:01][2wXqkHNt6WEzCm3ux1ChE8uo9tihiawt] Processed:  App\Jobs\UserActivationProcessFirstStepDieJob
[2020-03-17 18:32:01][TYs6qHc5kIw2SGOSjREB9aCSX2Y7XhYA] Processing: App\Jobs\UserActivationProcessSecondStepSMSJob
[2020-03-17 18:32:01][TYs6qHc5kIw2SGOSjREB9aCSX2Y7XhYA] Processed:  App\Jobs\UserActivationProcessSecondStepSMSJob
[2020-03-17 18:32:02][UGuOlwIWRL2bd18gjhzdK7r2V33IGCVx] Processing: App\Jobs\UserActivationProcessSecondStepInactiveJob
[2020-03-17 18:32:02][UGuOlwIWRL2bd18gjhzdK7r2V33IGCVx] Processed:  App\Jobs\UserActivationProcessSecondStepInactiveJob
[2020-03-17 18:32:02][xzzFH0Mj7bqIZ9YHOcLuxcfvN5fhugWO] Processing: App\Jobs\UserActivationProcessSecondStepDieJob
[2020-03-17 18:32:02][xzzFH0Mj7bqIZ9YHOcLuxcfvN5fhugWO] Processed:  App\Jobs\UserActivationProcessSecondStepDieJob
[2020-03-17 18:32:02][OOcjoSTPwbAOCNbmfUkVu8Fln90azfK7] Processing: App\Jobs\UserActivationProcessThirdStepSMSJob
[2020-03-17 18:32:02][OOcjoSTPwbAOCNbmfUkVu8Fln90azfK7] Processed:  App\Jobs\UserActivationProcessThirdStepSMSJob
[2020-03-17 18:32:02][MHFY50rgXpzWN0FaRVYwaVcbO3luWcQf] Processing: App\Jobs\UserActivationProcessThirdStepInactiveJob
[2020-03-17 18:32:02][MHFY50rgXpzWN0FaRVYwaVcbO3luWcQf] Processed:  App\Jobs\UserActivationProcessThirdStepInactiveJob
[2020-03-17 18:32:02][TZ8yeIH7sjO7tMi2qoDcRhovB3nk1ta4] Processing: App\Jobs\UserActivationProcessThirdStepDieJob
[2020-03-17 18:32:02][TZ8yeIH7sjO7tMi2qoDcRhovB3nk1ta4] Processed:  App\Jobs\UserActivationProcessThirdStepDieJob
[2020-03-17 18:32:02][oWtcouLSBlAfl8yo7JFv1b3TRkLqbLWg] Processing: App\Jobs\UserActivationNPSSMSJob
[2020-03-17 18:32:02][oWtcouLSBlAfl8yo7JFv1b3TRkLqbLWg] Processed:  App\Jobs\UserActivationNPSSMSJob
[2020-03-17 18:32:02][HXaUOxBgcip3uywGMX4KeQqSMTSuH27L] Processing: App\Jobs\UserActivationReferralSMSJob
[2020-03-17 18:32:02][HXaUOxBgcip3uywGMX4KeQqSMTSuH27L] Processed:  App\Jobs\UserActivationReferralSMSJob
[2020-03-17 18:32:02][r8CNQldl9k4DH01dIVk3kSthqp1juFn4] Processing: App\Jobs\UserActivationSmsJob
[2020-03-17 18:32:02][3qbH4ywydsttX8nckTlkLM68BbDprd2T] Processing: App\Jobs\UserActivationSmsJob
[2020-03-17 18:32:08][jNLWQJhjx1rtaAR20unANZlBlwoJx68V] Processed:  App\Jobs\UserActivationProcessFirstStepSMSJob
[2020-03-17 18:32:08][qnfttjUTpQgDCNB71QQ5iHr1Ph79x6v6] Processing: App\Jobs\UserActivationSmsJob
[2020-03-17 18:32:10][iWi4sbSkFsAmL53kcXk409RiX0vRLmvh] Processing: App\Jobs\UserActivationSmsJob
[2020-03-17 18:32:10][39ZmunAvsXyNBPSbqcDBWh5DqRuGR7NH] Processing: App\Jobs\UserActivationSmsJob
[2020-03-17 18:32:11][8eHisVeBGEIGAtqlb3aiwVtpQ7Cpf4bt] Processing: App\Jobs\UserActivationSmsJob
[2020-03-17 18:32:11][o9LXni0iB12FedLRyo5Mz4XnSjBhytLD] Processing: App\Jobs\UserActivationSmsJob
[2020-03-17 18:32:16][V6J5OkuJ9g4Hf6NmEe565Gjd0jcujxEd] Processing: App\Jobs\UserActivationSmsJob
[2020-03-17 18:32:18][YKLDJHEbVuIHZuhlEF0MQOLT0q1QM4Hx] Processing: App\Jobs\UserActivationSmsJob
[2020-03-17 18:32:18][VINcveQpBWctNSMZ8ItLm2UZvAwEZJ5h] Processing: App\Jobs\UserActivationSmsJob
[2020-03-17 18:32:19][WPV3IQ19s9oY5cP0sulvBlnYLeA08JUe] Processing: App\Jobs\UserActivationSmsJob
[2020-03-17 18:32:19][UQZzNyQNs2q4AQsZWSUrcNY6gFEX6jNm] Processing: App\Jobs\UserActivationSmsJob
[2020-03-17 18:32:24][7okvhdqB4o02yGdNxtL3Cf6h89utCOgE] Processing: App\Jobs\UserActivationSmsJob
[2020-03-17 18:32:26][nYPuCcdy4dZc52mYGmfEyE8VQ0f5OyBp] Processing: App\Jobs\UserActivationSmsJob
[2020-03-17 18:32:27][Zh3Gvtl5Z5tyZlc0L92J5KWBlGACwwb3] Processing: App\Jobs\UserActivationSmsJob
[2020-03-17 18:32:27][C4VMb99bqABStNckRoAhGNPzZ8bB2xYc] Processing: App\Jobs\UserActivationSmsJob
[2020-03-17 18:32:27][hZMorvtkoDlNvktJBP5zKfyE3WIKdgor] Processing: App\Jobs\UserActivationSmsJob
[2020-03-17 18:32:31][QG1zH5Zv6W9ptR40s1dQa1iBwg312XXk] Processing: App\Jobs\UserActivationSmsJob
[2020-03-17 18:32:33][I5QQtLDDQTkWoJQvbBDJ9fTjVoDIIqql] Processing: App\Jobs\UserActivationSmsJob
[2020-03-17 18:32:35][DdmTLuaIuYzrk6ySYJoj0t6CcLzDZqoQ] Processing: App\Jobs\UserActivationSmsJob
[2020-03-17 18:32:35][hCZX8LApRMdF7l5zFQuZiiaEOgZHiake] Processing: App\Jobs\UserActivationSmsJob
[2020-03-17 18:32:35][N1CZ6PSOn6PgRpJm6Jk0HgZwAUJm7Npf] Processing: App\Jobs\UserActivationSmsJob
[2020-03-17 18:32:39][s6u3UuWwPyAGLeiVs4zAzd9tZ0L660Yl] Processing: App\Jobs\UserActivationSmsJob
[2020-03-17 18:32:41][VrUMBdiyWbQmx3go1QKazSTh7kNUOUqD] Processing: App\Jobs\UserActivationSmsJob
[2020-03-17 18:32:42][UxcEcmfx6cCdDYEErrRQySWBIcMi6Q1O] Processing: App\Jobs\UserActivationSmsJob
[2020-03-17 18:32:42][47zZ1hbIeS7jLscxFVLqc61kGTerfK1l] Processing: App\Jobs\UserActivationSmsJob
[2020-03-17 18:32:42][ZhzdyRo2hLNFu02gXzCtTmSKXnOcq0kl] Processing: App\Jobs\UserActivationSmsJob
[2020-03-17 18:32:47][3yrYjedEQvQe7wkbFmll6XvHP34V5eHu] Processing: App\Jobs\UserActivationSmsJob
[2020-03-17 18:32:49][ExfyFwSI0ua06MK0PehFXfzW5Aq0oqXf] Processing: App\Jobs\UserActivationSmsJob
[2020-03-17 18:32:50][ZIjqsqqfYN7xmoTxPOVszeVVZdH7udlH] Processing: App\Jobs\UserActivationSmsJob
[2020-03-17 18:32:50][VHJfhDIwmcOKOsPMpPfB29L1T0cGd5Ab] Processing: App\Jobs\UserActivationSmsJob
[2020-03-17 18:32:51][c7MiqquYaPhwTffCHc13yhNkdwaXrfn0] Processing: App\Jobs\UserActivationSmsJob
[2020-03-17 18:32:54][c7MiqquYaPhwTffCHc13yhNkdwaXrfn0] Processed:  App\Jobs\UserActivationSmsJob
[2020-03-17 18:32:54][xSGwQ8EfCwmkAsXZNp3QbUpIhx9QzG6V] Processing: App\Jobs\UserActivationSmsJob
[2020-03-17 18:32:55][Il31jlgtaWOpOzhEXZBvsNEt08rPvbn0] Processing: App\Jobs\UserActivationSmsJob
[2020-03-17 18:32:57][VLAH36Tadu4S5BeI9xkN5Zk6CybFc272] Processing: App\Jobs\UserActivationSmsJob
[2020-03-17 18:32:58][4NZn5wjxk65viFWDR9YXl8i1uOdeNGrT] Processing: App\Jobs\UserActivationSmsJob
[2020-03-17 18:32:58][ah4gFHQS6vF0EF1YrmUdZFJHloNbYaRz] Processing: App\Jobs\UserActivationSmsJob
[2020-03-17 18:32:59][Il31jlgtaWOpOzhEXZBvsNEt08rPvbn0] Processed:  App\Jobs\UserActivationSmsJob
[2020-03-17 18:33:00][X7aJXua011eP6D8PEWj0LRc3HI25J6zK] Processing: App\Jobs\UserActivationSmsJob
[2020-03-17 18:33:00][xSGwQ8EfCwmkAsXZNp3QbUpIhx9QzG6V] Processed:  App\Jobs\UserActivationSmsJob
[2020-03-17 18:33:00][ExS72vlLSEgQINtLhoDiryyNJ1OI48zE] Processing: App\Jobs\UserActivationSmsJob
[2020-03-17 18:33:01][VLAH36Tadu4S5BeI9xkN5Zk6CybFc272] Processed:  App\Jobs\UserActivationSmsJob
[2020-03-17 18:33:01][4NZn5wjxk65viFWDR9YXl8i1uOdeNGrT] Processed:  App\Jobs\UserActivationSmsJob
[2020-03-17 18:33:01][C5iHz2kQpJECIzROkNGIJyi9JZgwtww0] Processing: App\Jobs\UserActivationSmsJob
[2020-03-17 18:33:01][SMkSHTeOnjqZMkmGY1BhyonUbfZY0vu6] Processing: App\Jobs\UserActivationSmsJob
[2020-03-17 18:33:01][ah4gFHQS6vF0EF1YrmUdZFJHloNbYaRz] Processed:  App\Jobs\UserActivationSmsJob
[2020-03-17 18:33:01][4lhTFF2jJzIAZQggJV5sLbZPQfIjThuv] Processing: App\Jobs\UserActivationSmsJob
[2020-03-17 18:33:05][X7aJXua011eP6D8PEWj0LRc3HI25J6zK] Processed:  App\Jobs\UserActivationSmsJob
[2020-03-17 18:33:05][C5iHz2kQpJECIzROkNGIJyi9JZgwtww0] Processed:  App\Jobs\UserActivationSmsJob
[2020-03-17 18:33:05][4lhTFF2jJzIAZQggJV5sLbZPQfIjThuv] Processed:  App\Jobs\UserActivationSmsJob
[2020-03-17 18:33:05][SMkSHTeOnjqZMkmGY1BhyonUbfZY0vu6] Processed:  App\Jobs\UserActivationSmsJob
[2020-03-17 18:33:05][ExS72vlLSEgQINtLhoDiryyNJ1OI48zE] Processed:  App\Jobs\UserActivationSmsJob
[2020-03-17 18:33:05][D3J8Kz3oq1RxSEUsH6nNRNmajRvbWO3K] Processing: App\Jobs\UserActivationSmsJob
[2020-03-17 18:33:05][WcbDuOQHeM6iZHLKcOWP2NnyJcs6dwWe] Processing: App\Jobs\UserActivationSmsJob
[2020-03-17 18:33:05][0fdTgVvD3WlJIHdzLz8BZz4uoSVYC1x6] Processing: App\Jobs\UserActivationSmsJob
[2020-03-17 18:33:05][ehkVAVjKz5ZX44MP4wQb4VizNPkaUqpE] Processing: App\Jobs\UserActivationSmsJob
[2020-03-17 18:33:05][3qbH4ywydsttX8nckTlkLM68BbDprd2T] Processing: App\Jobs\UserActivationSmsJob
[2020-03-17 18:33:11][WcbDuOQHeM6iZHLKcOWP2NnyJcs6dwWe] Processed:  App\Jobs\UserActivationSmsJob
[2020-03-17 18:33:11][r8CNQldl9k4DH01dIVk3kSthqp1juFn4] Processing: App\Jobs\UserActivationSmsJob
[2020-03-17 18:33:11][0fdTgVvD3WlJIHdzLz8BZz4uoSVYC1x6] Processed:  App\Jobs\UserActivationSmsJob
[2020-03-17 18:33:11][D3J8Kz3oq1RxSEUsH6nNRNmajRvbWO3K] Processed:  App\Jobs\UserActivationSmsJob
[2020-03-17 18:33:11][ehkVAVjKz5ZX44MP4wQb4VizNPkaUqpE] Processed:  App\Jobs\UserActivationSmsJob
[2020-03-17 18:33:11][3qbH4ywydsttX8nckTlkLM68BbDprd2T] Processed:  App\Jobs\UserActivationSmsJob
[2020-03-17 18:33:12][qnfttjUTpQgDCNB71QQ5iHr1Ph79x6v6] Processing: App\Jobs\UserActivationSmsJob
[2020-03-17 18:33:12][39ZmunAvsXyNBPSbqcDBWh5DqRuGR7NH] Processing: App\Jobs\UserActivationSmsJob
[2020-03-17 18:33:12][iWi4sbSkFsAmL53kcXk409RiX0vRLmvh] Processing: App\Jobs\UserActivationSmsJob
[2020-03-17 18:33:12][8eHisVeBGEIGAtqlb3aiwVtpQ7Cpf4bt] Processing: App\Jobs\UserActivationSmsJob
[2020-03-17 18:33:16][r8CNQldl9k4DH01dIVk3kSthqp1juFn4] Processed:  App\Jobs\UserActivationSmsJob
[2020-03-17 18:33:16][qnfttjUTpQgDCNB71QQ5iHr1Ph79x6v6] Processed:  App\Jobs\UserActivationSmsJob
[2020-03-17 18:33:16][8eHisVeBGEIGAtqlb3aiwVtpQ7Cpf4bt] Processed:  App\Jobs\UserActivationSmsJob
[2020-03-17 18:33:16][o9LXni0iB12FedLRyo5Mz4XnSjBhytLD] Processing: App\Jobs\UserActivationSmsJob
[2020-03-17 18:33:16][39ZmunAvsXyNBPSbqcDBWh5DqRuGR7NH] Processed:  App\Jobs\UserActivationSmsJob
[2020-03-17 18:33:16][V6J5OkuJ9g4Hf6NmEe565Gjd0jcujxEd] Processing: App\Jobs\UserActivationSmsJob
[2020-03-17 18:33:16][VINcveQpBWctNSMZ8ItLm2UZvAwEZJ5h] Processing: App\Jobs\UserActivationSmsJob
[2020-03-17 18:33:16][UQZzNyQNs2q4AQsZWSUrcNY6gFEX6jNm] Processing: App\Jobs\UserActivationSmsJob
[2020-03-17 18:33:54][iWi4sbSkFsAmL53kcXk409RiX0vRLmvh] Processed:  App\Jobs\UserActivationSmsJob
[2020-03-17 18:33:54][o9LXni0iB12FedLRyo5Mz4XnSjBhytLD] Processed:  App\Jobs\UserActivationSmsJob
[2020-03-17 18:33:54][V6J5OkuJ9g4Hf6NmEe565Gjd0jcujxEd] Processed:  App\Jobs\UserActivationSmsJob
[2020-03-17 18:33:54][VINcveQpBWctNSMZ8ItLm2UZvAwEZJ5h] Processed:  App\Jobs\UserActivationSmsJob
[2020-03-17 18:33:54][WPV3IQ19s9oY5cP0sulvBlnYLeA08JUe] Processing: App\Jobs\UserActivationSmsJob
[2020-03-17 18:33:54][YKLDJHEbVuIHZuhlEF0MQOLT0q1QM4Hx] Processing: App\Jobs\UserActivationSmsJob
[2020-03-17 18:33:54][UQZzNyQNs2q4AQsZWSUrcNY6gFEX6jNm] Processed:  App\Jobs\UserActivationSmsJob
[2020-03-17 18:33:54][7okvhdqB4o02yGdNxtL3Cf6h89utCOgE] Processing: App\Jobs\UserActivationSmsJob
[2020-03-17 18:33:55][nYPuCcdy4dZc52mYGmfEyE8VQ0f5OyBp] Processing: App\Jobs\UserActivationSmsJob
[2020-03-17 18:33:55][C4VMb99bqABStNckRoAhGNPzZ8bB2xYc] Processing: App\Jobs\UserActivationSmsJob
[2020-03-17 18:33:59][nYPuCcdy4dZc52mYGmfEyE8VQ0f5OyBp] Processed:  App\Jobs\UserActivationSmsJob
[2020-03-17 18:33:59][Zh3Gvtl5Z5tyZlc0L92J5KWBlGACwwb3] Processing: App\Jobs\UserActivationSmsJob
[2020-03-17 18:34:00][WPV3IQ19s9oY5cP0sulvBlnYLeA08JUe] Processed:  App\Jobs\UserActivationSmsJob
[2020-03-17 18:34:00][YKLDJHEbVuIHZuhlEF0MQOLT0q1QM4Hx] Processed:  App\Jobs\UserActivationSmsJob
[2020-03-17 18:34:00][7okvhdqB4o02yGdNxtL3Cf6h89utCOgE] Processed:  App\Jobs\UserActivationSmsJob
[2020-03-17 18:34:00][hZMorvtkoDlNvktJBP5zKfyE3WIKdgor] Processing: App\Jobs\UserActivationSmsJob
[2020-03-17 18:34:00][QG1zH5Zv6W9ptR40s1dQa1iBwg312XXk] Processing: App\Jobs\UserActivationSmsJob
[2020-03-17 18:34:00][I5QQtLDDQTkWoJQvbBDJ9fTjVoDIIqql] Processing: App\Jobs\UserActivationSmsJob
[2020-03-17 18:34:01][C4VMb99bqABStNckRoAhGNPzZ8bB2xYc] Processed:  App\Jobs\UserActivationSmsJob
[2020-03-17 18:34:01][DdmTLuaIuYzrk6ySYJoj0t6CcLzDZqoQ] Processing: App\Jobs\UserActivationSmsJob
[2020-03-17 18:34:07][Zh3Gvtl5Z5tyZlc0L92J5KWBlGACwwb3] Processed:  App\Jobs\UserActivationSmsJob
[2020-03-17 18:34:07][I5QQtLDDQTkWoJQvbBDJ9fTjVoDIIqql] Processed:  App\Jobs\UserActivationSmsJob
[2020-03-17 18:34:07][hZMorvtkoDlNvktJBP5zKfyE3WIKdgor] Processed:  App\Jobs\UserActivationSmsJob
[2020-03-17 18:34:07][QG1zH5Zv6W9ptR40s1dQa1iBwg312XXk] Processed:  App\Jobs\UserActivationSmsJob
[2020-03-17 18:34:07][DdmTLuaIuYzrk6ySYJoj0t6CcLzDZqoQ] Processed:  App\Jobs\UserActivationSmsJob
[2020-03-17 18:34:07][N1CZ6PSOn6PgRpJm6Jk0HgZwAUJm7Npf] Processing: App\Jobs\UserActivationSmsJob
[2020-03-17 18:34:07][hCZX8LApRMdF7l5zFQuZiiaEOgZHiake] Processing: App\Jobs\UserActivationSmsJob
[2020-03-17 18:34:07][s6u3UuWwPyAGLeiVs4zAzd9tZ0L660Yl] Processing: App\Jobs\UserActivationSmsJob
[2020-03-17 18:34:07][VrUMBdiyWbQmx3go1QKazSTh7kNUOUqD] Processing: App\Jobs\UserActivationSmsJob
[2020-03-17 18:34:07][UxcEcmfx6cCdDYEErrRQySWBIcMi6Q1O] Processing: App\Jobs\UserActivationSmsJob
[2020-03-17 18:34:14][N1CZ6PSOn6PgRpJm6Jk0HgZwAUJm7Npf] Processed:  App\Jobs\UserActivationSmsJob
[2020-03-17 18:34:14][ZhzdyRo2hLNFu02gXzCtTmSKXnOcq0kl] Processing: App\Jobs\UserActivationSmsJob
[2020-03-17 18:34:14][s6u3UuWwPyAGLeiVs4zAzd9tZ0L660Yl] Processed:  App\Jobs\UserActivationSmsJob
[2020-03-17 18:34:14][hCZX8LApRMdF7l5zFQuZiiaEOgZHiake] Processed:  App\Jobs\UserActivationSmsJob
[2020-03-17 18:34:14][UxcEcmfx6cCdDYEErrRQySWBIcMi6Q1O] Processed:  App\Jobs\UserActivationSmsJob
[2020-03-17 18:34:14][VrUMBdiyWbQmx3go1QKazSTh7kNUOUqD] Processed:  App\Jobs\UserActivationSmsJob
[2020-03-17 18:34:14][47zZ1hbIeS7jLscxFVLqc61kGTerfK1l] Processing: App\Jobs\UserActivationSmsJob
[2020-03-17 18:34:14][3yrYjedEQvQe7wkbFmll6XvHP34V5eHu] Processing: App\Jobs\UserActivationSmsJob
[2020-03-17 18:34:14][ExfyFwSI0ua06MK0PehFXfzW5Aq0oqXf] Processing: App\Jobs\UserActivationSmsJob
[2020-03-17 18:34:14][VHJfhDIwmcOKOsPMpPfB29L1T0cGd5Ab] Processing: App\Jobs\UserActivationSmsJob
[2020-03-17 18:34:54][ZhzdyRo2hLNFu02gXzCtTmSKXnOcq0kl] Processed:  App\Jobs\UserActivationSmsJob
[2020-03-17 18:34:54][VHJfhDIwmcOKOsPMpPfB29L1T0cGd5Ab] Processed:  App\Jobs\UserActivationSmsJob
[2020-03-17 18:34:55][ZIjqsqqfYN7xmoTxPOVszeVVZdH7udlH] Processing: App\Jobs\UserActivationSmsJob
[2020-03-17 18:34:55][W70bZg4ZneQkegpNdjJznLoipwkRjH5C] Processing: App\Jobs\UserActivationProcessFirstStepSMSJob
[2020-03-17 18:34:55][W70bZg4ZneQkegpNdjJznLoipwkRjH5C] Processed:  App\Jobs\UserActivationProcessFirstStepSMSJob
[2020-03-17 18:34:55][JymwkTJTgO6yLMZ8FvEqoL57RMrPtljf] Processing: App\Jobs\UserActivationProcessFirstStepInactiveJob
[2020-03-17 18:34:55][JymwkTJTgO6yLMZ8FvEqoL57RMrPtljf] Processed:  App\Jobs\UserActivationProcessFirstStepInactiveJob
[2020-03-17 18:34:55][3yrYjedEQvQe7wkbFmll6XvHP34V5eHu] Processed:  App\Jobs\UserActivationSmsJob
[2020-03-17 18:34:55][sPaBrZSCgBvYUnO46nNVHTBY9fWhLXHM] Processing: App\Jobs\UserActivationProcessFirstStepDieJob
[2020-03-17 18:34:55][sPaBrZSCgBvYUnO46nNVHTBY9fWhLXHM] Processed:  App\Jobs\UserActivationProcessFirstStepDieJob
[2020-03-17 18:34:55][ExfyFwSI0ua06MK0PehFXfzW5Aq0oqXf] Processed:  App\Jobs\UserActivationSmsJob
[2020-03-17 18:34:55][KL3XUSqwtSRGA4p97yuSsXqM7sJbcOhz] Processing: App\Jobs\UserActivationProcessSecondStepSMSJob
[2020-03-17 18:34:55][47zZ1hbIeS7jLscxFVLqc61kGTerfK1l] Processed:  App\Jobs\UserActivationSmsJob
[2020-03-17 18:34:55][KL3XUSqwtSRGA4p97yuSsXqM7sJbcOhz] Processed:  App\Jobs\UserActivationProcessSecondStepSMSJob
[2020-03-17 18:34:55][UdbKvnIkg9vgfLpAEm9DDDF1MaJloVKZ] Processing: App\Jobs\UserActivationProcessSecondStepInactiveJob
[2020-03-17 18:34:55][UdbKvnIkg9vgfLpAEm9DDDF1MaJloVKZ] Processed:  App\Jobs\UserActivationProcessSecondStepInactiveJob
[2020-03-17 18:34:55][zPPpAZdkh7Vft0dCAYGbNAtkSbuu8wvA] Processing: App\Jobs\UserActivationProcessSecondStepDieJob
[2020-03-17 18:34:55][zPPpAZdkh7Vft0dCAYGbNAtkSbuu8wvA] Processed:  App\Jobs\UserActivationProcessSecondStepDieJob
[2020-03-17 18:34:55][AB2ZTL5jTVEqJhLp0aUzailfR2Tu8Kov] Processing: App\Jobs\UserActivationProcessThirdStepSMSJob
[2020-03-17 18:34:55][vGbF7Eap0gKBpsO5uKHgMuHXszMsSLy7] Processing: App\Jobs\UserActivationProcessThirdStepInactiveJob
[2020-03-17 18:34:55][AB2ZTL5jTVEqJhLp0aUzailfR2Tu8Kov] Processed:  App\Jobs\UserActivationProcessThirdStepSMSJob
[2020-03-17 18:34:55][vGbF7Eap0gKBpsO5uKHgMuHXszMsSLy7] Processed:  App\Jobs\UserActivationProcessThirdStepInactiveJob
[2020-03-17 18:34:56][S01ifj1s5v4VLXCMM4SvMiooxoSbJsus] Processing: App\Jobs\UserActivationProcessThirdStepDieJob
[2020-03-17 18:34:56][S01ifj1s5v4VLXCMM4SvMiooxoSbJsus] Processed:  App\Jobs\UserActivationProcessThirdStepDieJob
[2020-03-17 18:34:56][ed3gxeNZ3lzDs0TmgdeobJGlqHPXsinK] Processing: App\Jobs\UserActivationNPSSMSJob
[2020-03-17 18:34:56][Kt8VrfPzoCrSFTYmuIikIgApE8DSOaR4] Processing: App\Jobs\UserActivationReferralSMSJob
[2020-03-17 18:34:56][ed3gxeNZ3lzDs0TmgdeobJGlqHPXsinK] Processed:  App\Jobs\UserActivationNPSSMSJob
[2020-03-17 18:34:56][Kt8VrfPzoCrSFTYmuIikIgApE8DSOaR4] Processed:  App\Jobs\UserActivationReferralSMSJob
[2020-03-17 18:34:56][tAKhTTu4yGEavEO7JoijkDnjAhAH73TU] Processing: App\Jobs\UserActivationProcessFirstStepSMSJob
[2020-03-17 18:34:56][tAKhTTu4yGEavEO7JoijkDnjAhAH73TU] Processed:  App\Jobs\UserActivationProcessFirstStepSMSJob
[2020-03-17 18:34:56][hWoSlIxudyjJ6BWKHxLIi1tvIrwP4oV8] Processing: App\Jobs\UserActivationProcessFirstStepInactiveJob
[2020-03-17 18:34:56][hWoSlIxudyjJ6BWKHxLIi1tvIrwP4oV8] Processed:  App\Jobs\UserActivationProcessFirstStepInactiveJob
[2020-03-17 18:34:56][7LFVC0YoTJpGbX3KK52ixQJmZfJNNAw5] Processing: App\Jobs\UserActivationProcessFirstStepDieJob
[2020-03-17 18:34:56][7LFVC0YoTJpGbX3KK52ixQJmZfJNNAw5] Processed:  App\Jobs\UserActivationProcessFirstStepDieJob
[2020-03-17 18:34:56][N42PQudjXIJNDJuNbp6WTPGyWegzNV1b] Processing: App\Jobs\UserActivationProcessSecondStepSMSJob
[2020-03-17 18:34:56][N42PQudjXIJNDJuNbp6WTPGyWegzNV1b] Processed:  App\Jobs\UserActivationProcessSecondStepSMSJob
[2020-03-17 18:34:56][6V90WaaOhYXHzSdbPNVkgCp0aVRqAjjW] Processing: App\Jobs\UserActivationProcessSecondStepInactiveJob
[2020-03-17 18:34:56][6V90WaaOhYXHzSdbPNVkgCp0aVRqAjjW] Processed:  App\Jobs\UserActivationProcessSecondStepInactiveJob
[2020-03-17 18:34:56][QuAYmtOChkg1ScULX2xmI9SZGuYHvusz] Processing: App\Jobs\UserActivationProcessSecondStepDieJob
[2020-03-17 18:34:56][QuAYmtOChkg1ScULX2xmI9SZGuYHvusz] Processed:  App\Jobs\UserActivationProcessSecondStepDieJob
[2020-03-17 18:34:56][jDAhiWtW5oPRk6NAzhsTDQeuqlBQPtXj] Processing: App\Jobs\UserActivationProcessThirdStepSMSJob
[2020-03-17 18:34:56][jDAhiWtW5oPRk6NAzhsTDQeuqlBQPtXj] Processed:  App\Jobs\UserActivationProcessThirdStepSMSJob
[2020-03-17 18:34:56][zLcD64C9UN7MHt2UhLWOCAMft9NnwZca] Processing: App\Jobs\UserActivationProcessThirdStepInactiveJob
[2020-03-17 18:34:56][zLcD64C9UN7MHt2UhLWOCAMft9NnwZca] Processed:  App\Jobs\UserActivationProcessThirdStepInactiveJob
[2020-03-17 18:34:56][9isfsvBzoqrtCrv11QuHMGvMrdy62VrT] Processing: App\Jobs\UserActivationProcessThirdStepDieJob
[2020-03-17 18:34:56][v0b1kcCq6QFrYmzRIJgesEo2GbKNf98l] Processing: App\Jobs\UserActivationNPSSMSJob
[2020-03-17 18:34:56][9isfsvBzoqrtCrv11QuHMGvMrdy62VrT] Processed:  App\Jobs\UserActivationProcessThirdStepDieJob
[2020-03-17 18:34:56][v0b1kcCq6QFrYmzRIJgesEo2GbKNf98l] Processed:  App\Jobs\UserActivationNPSSMSJob
[2020-03-17 18:34:56][twYtwIlCS3BsNWLY7UnOCHDT4NUST3RW] Processing: App\Jobs\UserActivationReferralSMSJob
[2020-03-17 18:34:56][twYtwIlCS3BsNWLY7UnOCHDT4NUST3RW] Processed:  App\Jobs\UserActivationReferralSMSJob
[2020-03-17 18:35:02][ZIjqsqqfYN7xmoTxPOVszeVVZdH7udlH] Processed:  App\Jobs\UserActivationSmsJob
[2020-03-17 18:35:03][lj0ZMQvnjn58oBzIQfkha3n9aLvgqYNw] Processing: App\Jobs\UserActivationProcessFirstStepSMSJob
[2020-03-17 18:35:03][lj0ZMQvnjn58oBzIQfkha3n9aLvgqYNw] Processed:  App\Jobs\UserActivationProcessFirstStepSMSJob
[2020-03-17 18:35:03][hADVW8nSE8HniwZLUpV7SZ3w6PBzv5gY] Processing: App\Jobs\UserActivationProcessFirstStepInactiveJob
[2020-03-17 18:35:03][hADVW8nSE8HniwZLUpV7SZ3w6PBzv5gY] Processed:  App\Jobs\UserActivationProcessFirstStepInactiveJob
[2020-03-17 18:35:03][oVRZ7jQRJkYpROA9jctAJDVZdeiVbssK] Processing: App\Jobs\UserActivationProcessFirstStepDieJob
[2020-03-17 18:35:03][oVRZ7jQRJkYpROA9jctAJDVZdeiVbssK] Processed:  App\Jobs\UserActivationProcessFirstStepDieJob
[2020-03-17 18:35:03][ZtZUPc8jgQmuOZO131zu0XcLSyqB4k2l] Processing: App\Jobs\UserActivationProcessSecondStepSMSJob
[2020-03-17 18:35:03][ZtZUPc8jgQmuOZO131zu0XcLSyqB4k2l] Processed:  App\Jobs\UserActivationProcessSecondStepSMSJob
[2020-03-17 18:35:04][kpfHl7wdr9JmzvbXi9NxHyIEmAlhR0Ws] Processing: App\Jobs\UserActivationProcessSecondStepInactiveJob
[2020-03-17 18:35:04][kpfHl7wdr9JmzvbXi9NxHyIEmAlhR0Ws] Processed:  App\Jobs\UserActivationProcessSecondStepInactiveJob
[2020-03-17 18:35:04][pUFlPjQ1vMmmRNLgS87s3Hb34HYTXRKR] Processing: App\Jobs\UserActivationProcessSecondStepDieJob
[2020-03-17 18:35:04][pUFlPjQ1vMmmRNLgS87s3Hb34HYTXRKR] Processed:  App\Jobs\UserActivationProcessSecondStepDieJob
[2020-03-17 18:35:04][RYFRwJnkVptnUfk0VvsZoqPu2P1YdXcN] Processing: App\Jobs\UserActivationProcessThirdStepSMSJob
[2020-03-17 18:35:04][RYFRwJnkVptnUfk0VvsZoqPu2P1YdXcN] Processed:  App\Jobs\UserActivationProcessThirdStepSMSJob
[2020-03-17 18:35:04][8gywg6ms7xIK6phi0wTdLfKLQoK1ADTl] Processing: App\Jobs\UserActivationProcessThirdStepInactiveJob
[2020-03-17 18:35:04][8gywg6ms7xIK6phi0wTdLfKLQoK1ADTl] Processed:  App\Jobs\UserActivationProcessThirdStepInactiveJob
[2020-03-17 18:35:04][dMtVrUKjfY9P5p9C087wxPar9zmHvP9M] Processing: App\Jobs\UserActivationProcessThirdStepDieJob
[2020-03-17 18:35:04][dMtVrUKjfY9P5p9C087wxPar9zmHvP9M] Processed:  App\Jobs\UserActivationProcessThirdStepDieJob
[2020-03-17 18:35:05][7RAYw45a04oy00YINDVLiCgBKX4NBYcb] Processing: App\Jobs\UserActivationNPSSMSJob
[2020-03-17 18:35:05][7RAYw45a04oy00YINDVLiCgBKX4NBYcb] Processed:  App\Jobs\UserActivationNPSSMSJob
[2020-03-17 18:35:05][Pf0HpulsOFbxaUdhWHvaU01mO3jiWV1Q] Processing: App\Jobs\UserActivationReferralSMSJob
[2020-03-17 18:35:05][Pf0HpulsOFbxaUdhWHvaU01mO3jiWV1Q] Processed:  App\Jobs\UserActivationReferralSMSJob
[2020-03-17 18:36:07][SHgDNlKFUkD2Gqz5CI2lskjfzv3lOwjW] Processing: App\Jobs\UserActivationProcessFirstStepSMSJob
[2020-03-17 18:36:07][SHgDNlKFUkD2Gqz5CI2lskjfzv3lOwjW] Processed:  App\Jobs\UserActivationProcessFirstStepSMSJob
[2020-03-17 18:36:07][tFjEVxS1deD8x46m628aqo0FEYF7HTYQ] Processing: App\Jobs\UserActivationProcessFirstStepInactiveJob
[2020-03-17 18:36:08][whmBlmdb21NcCXj5nlgsHiT8vD66aB7I] Processing: App\Jobs\UserActivationProcessFirstStepDieJob
[2020-03-17 18:36:08][whmBlmdb21NcCXj5nlgsHiT8vD66aB7I] Processed:  App\Jobs\UserActivationProcessFirstStepDieJob
[2020-03-17 18:36:08][d2Is7lfR24rup6H3Pj5pCAB5Pi9SZ90J] Processing: App\Jobs\UserActivationProcessSecondStepSMSJob
[2020-03-17 18:36:08][d2Is7lfR24rup6H3Pj5pCAB5Pi9SZ90J] Processed:  App\Jobs\UserActivationProcessSecondStepSMSJob
[2020-03-17 18:36:08][BpuvXcDcKQUQ2lxDE1chtkrGPOtJxz12] Processing: App\Jobs\UserActivationProcessSecondStepInactiveJob
[2020-03-17 18:36:08][BpuvXcDcKQUQ2lxDE1chtkrGPOtJxz12] Processed:  App\Jobs\UserActivationProcessSecondStepInactiveJob
[2020-03-17 18:36:08][Ayj0FXSot7tD2yHyWePzPD4w2sktA5sa] Processing: App\Jobs\UserActivationProcessSecondStepDieJob
[2020-03-17 18:36:08][fVAoQhTbnwsT2YvaqWdck2MP56k6oWiX] Processing: App\Jobs\UserActivationProcessThirdStepSMSJob
[2020-03-17 18:36:08][Ayj0FXSot7tD2yHyWePzPD4w2sktA5sa] Processed:  App\Jobs\UserActivationProcessSecondStepDieJob
[2020-03-17 18:36:08][fVAoQhTbnwsT2YvaqWdck2MP56k6oWiX] Processed:  App\Jobs\UserActivationProcessThirdStepSMSJob
[2020-03-17 18:36:08][n12Pm5tqxXmGWoQjgXQdsRCJhwpZfVM8] Processing: App\Jobs\UserActivationProcessThirdStepInactiveJob
[2020-03-17 18:36:08][n12Pm5tqxXmGWoQjgXQdsRCJhwpZfVM8] Processed:  App\Jobs\UserActivationProcessThirdStepInactiveJob
[2020-03-17 18:36:08][TCPQrlSkCchr5ONLqs1LBKhP61C3sB2o] Processing: App\Jobs\UserActivationProcessThirdStepDieJob
[2020-03-17 18:36:08][TCPQrlSkCchr5ONLqs1LBKhP61C3sB2o] Processed:  App\Jobs\UserActivationProcessThirdStepDieJob
[2020-03-17 18:36:08][305WBmjIuFFJWWQ1qEZLl6RC6CZ7Zk1O] Processing: App\Jobs\UserActivationNPSSMSJob
[2020-03-17 18:36:08][xqNgVboMwWPvZBIfLoBDNXes2vOxM49O] Processing: App\Jobs\UserActivationReferralSMSJob
[2020-03-17 18:36:08][305WBmjIuFFJWWQ1qEZLl6RC6CZ7Zk1O] Processed:  App\Jobs\UserActivationNPSSMSJob
[2020-03-17 18:36:08][xqNgVboMwWPvZBIfLoBDNXes2vOxM49O] Processed:  App\Jobs\UserActivationReferralSMSJob
[2020-03-17 18:36:09][tFjEVxS1deD8x46m628aqo0FEYF7HTYQ] Processed:  App\Jobs\UserActivationProcessFirstStepInactiveJob
